{
  "/workspaces/remix-auth-webauthn/src/index.ts": {
    "path": "/workspaces/remix-auth-webauthn/src/index.ts",
    "all": false,
    "statementMap": {
      "0": {
        "start": { "line": 1, "column": 0 },
        "end": { "line": 1, "column": 74 }
      },
      "1": {
        "start": { "line": 2, "column": 0 },
        "end": { "line": 2, "column": 8 }
      },
      "2": {
        "start": { "line": 3, "column": 0 },
        "end": { "line": 3, "column": 32 }
      },
      "3": {
        "start": { "line": 4, "column": 0 },
        "end": { "line": 4, "column": 30 }
      },
      "4": {
        "start": { "line": 5, "column": 0 },
        "end": { "line": 5, "column": 38 }
      },
      "5": {
        "start": { "line": 6, "column": 0 },
        "end": { "line": 6, "column": 29 }
      },
      "6": {
        "start": { "line": 7, "column": 0 },
        "end": { "line": 7, "column": 31 }
      },
      "7": {
        "start": { "line": 8, "column": 0 },
        "end": { "line": 8, "column": 31 }
      },
      "8": {
        "start": { "line": 9, "column": 0 },
        "end": { "line": 9, "column": 32 }
      },
      "9": {
        "start": { "line": 10, "column": 0 },
        "end": { "line": 10, "column": 8 }
      },
      "10": {
        "start": { "line": 11, "column": 0 },
        "end": { "line": 11, "column": 11 }
      },
      "11": {
        "start": { "line": 12, "column": 0 },
        "end": { "line": 12, "column": 30 }
      },
      "12": {
        "start": { "line": 13, "column": 0 },
        "end": { "line": 13, "column": 27 }
      },
      "13": {
        "start": { "line": 14, "column": 0 },
        "end": { "line": 14, "column": 20 }
      },
      "14": {
        "start": { "line": 15, "column": 0 },
        "end": { "line": 15, "column": 39 }
      },
      "15": {
        "start": { "line": 16, "column": 0 },
        "end": { "line": 16, "column": 13 }
      },
      "16": {
        "start": { "line": 17, "column": 0 },
        "end": { "line": 17, "column": 29 }
      },
      "17": {
        "start": { "line": 18, "column": 0 },
        "end": { "line": 18, "column": 22 }
      },
      "18": {
        "start": { "line": 19, "column": 0 },
        "end": { "line": 19, "column": 41 }
      },
      "19": {
        "start": { "line": 20, "column": 0 },
        "end": { "line": 20, "column": 38 }
      },
      "20": {
        "start": { "line": 21, "column": 0 },
        "end": { "line": 21, "column": 26 }
      },
      "21": {
        "start": { "line": 22, "column": 0 },
        "end": { "line": 22, "column": 40 }
      },
      "22": {
        "start": { "line": 23, "column": 0 },
        "end": { "line": 23, "column": 27 }
      },
      "23": {
        "start": { "line": 24, "column": 0 },
        "end": { "line": 24, "column": 42 }
      },
      "24": {
        "start": { "line": 25, "column": 0 },
        "end": { "line": 25, "column": 0 }
      },
      "25": {
        "start": { "line": 26, "column": 0 },
        "end": { "line": 26, "column": 28 }
      },
      "26": {
        "start": { "line": 27, "column": 0 },
        "end": { "line": 27, "column": 17 }
      },
      "27": {
        "start": { "line": 28, "column": 0 },
        "end": { "line": 28, "column": 19 }
      },
      "28": {
        "start": { "line": 29, "column": 0 },
        "end": { "line": 29, "column": 2 }
      },
      "29": {
        "start": { "line": 30, "column": 0 },
        "end": { "line": 30, "column": 67 }
      },
      "30": {
        "start": { "line": 31, "column": 0 },
        "end": { "line": 31, "column": 51 }
      },
      "31": {
        "start": { "line": 32, "column": 0 },
        "end": { "line": 32, "column": 23 }
      },
      "32": {
        "start": { "line": 33, "column": 0 },
        "end": { "line": 33, "column": 25 }
      },
      "33": {
        "start": { "line": 34, "column": 0 },
        "end": { "line": 34, "column": 26 }
      },
      "34": {
        "start": { "line": 35, "column": 0 },
        "end": { "line": 35, "column": 69 }
      },
      "35": {
        "start": { "line": 36, "column": 0 },
        "end": { "line": 36, "column": 2 }
      },
      "36": {
        "start": { "line": 37, "column": 0 },
        "end": { "line": 37, "column": 53 }
      },
      "37": {
        "start": { "line": 38, "column": 0 },
        "end": { "line": 38, "column": 25 }
      },
      "38": {
        "start": { "line": 39, "column": 0 },
        "end": { "line": 39, "column": 25 }
      },
      "39": {
        "start": { "line": 40, "column": 0 },
        "end": { "line": 40, "column": 75 }
      },
      "40": {
        "start": { "line": 41, "column": 0 },
        "end": { "line": 41, "column": 2 }
      },
      "41": {
        "start": { "line": 42, "column": 0 },
        "end": { "line": 42, "column": 42 }
      },
      "42": {
        "start": { "line": 43, "column": 0 },
        "end": { "line": 43, "column": 39 }
      },
      "43": {
        "start": { "line": 44, "column": 0 },
        "end": { "line": 44, "column": 42 }
      },
      "44": {
        "start": { "line": 45, "column": 0 },
        "end": { "line": 45, "column": 0 }
      },
      "45": {
        "start": { "line": 46, "column": 0 },
        "end": { "line": 46, "column": 42 }
      },
      "46": {
        "start": { "line": 47, "column": 0 },
        "end": { "line": 47, "column": 15 }
      },
      "47": {
        "start": { "line": 48, "column": 0 },
        "end": { "line": 48, "column": 36 }
      },
      "48": {
        "start": { "line": 49, "column": 0 },
        "end": { "line": 49, "column": 44 }
      },
      "49": {
        "start": { "line": 50, "column": 0 },
        "end": { "line": 50, "column": 24 }
      },
      "50": {
        "start": { "line": 51, "column": 0 },
        "end": { "line": 51, "column": 22 }
      },
      "51": {
        "start": { "line": 52, "column": 0 },
        "end": { "line": 52, "column": 0 }
      },
      "52": {
        "start": { "line": 53, "column": 0 },
        "end": { "line": 53, "column": 39 }
      },
      "53": {
        "start": { "line": 54, "column": 0 },
        "end": { "line": 54, "column": 5 }
      },
      "54": {
        "start": { "line": 55, "column": 0 },
        "end": { "line": 55, "column": 40 }
      },
      "55": {
        "start": { "line": 56, "column": 0 },
        "end": { "line": 56, "column": 5 }
      },
      "56": {
        "start": { "line": 57, "column": 0 },
        "end": { "line": 57, "column": 25 }
      },
      "57": {
        "start": { "line": 58, "column": 0 },
        "end": { "line": 58, "column": 0 }
      },
      "58": {
        "start": { "line": 59, "column": 0 },
        "end": { "line": 59, "column": 5 }
      },
      "59": {
        "start": { "line": 60, "column": 0 },
        "end": { "line": 60, "column": 42 }
      },
      "60": {
        "start": { "line": 61, "column": 0 },
        "end": { "line": 61, "column": 5 }
      },
      "61": {
        "start": { "line": 62, "column": 0 },
        "end": { "line": 62, "column": 23 }
      },
      "62": {
        "start": { "line": 63, "column": 0 },
        "end": { "line": 63, "column": 0 }
      },
      "63": {
        "start": { "line": 64, "column": 0 },
        "end": { "line": 64, "column": 5 }
      },
      "64": {
        "start": { "line": 65, "column": 0 },
        "end": { "line": 65, "column": 37 }
      },
      "65": {
        "start": { "line": 66, "column": 0 },
        "end": { "line": 66, "column": 5 }
      },
      "66": {
        "start": { "line": 67, "column": 0 },
        "end": { "line": 67, "column": 20 }
      },
      "67": {
        "start": { "line": 68, "column": 0 },
        "end": { "line": 68, "column": 0 }
      },
      "68": {
        "start": { "line": 69, "column": 0 },
        "end": { "line": 69, "column": 5 }
      },
      "69": {
        "start": { "line": 70, "column": 0 },
        "end": { "line": 70, "column": 44 }
      },
      "70": {
        "start": { "line": 71, "column": 0 },
        "end": { "line": 71, "column": 5 }
      },
      "71": {
        "start": { "line": 72, "column": 0 },
        "end": { "line": 72, "column": 27 }
      },
      "72": {
        "start": { "line": 73, "column": 0 },
        "end": { "line": 73, "column": 0 }
      },
      "73": {
        "start": { "line": 74, "column": 0 },
        "end": { "line": 74, "column": 5 }
      },
      "74": {
        "start": { "line": 75, "column": 0 },
        "end": { "line": 75, "column": 55 }
      },
      "75": {
        "start": { "line": 76, "column": 0 },
        "end": { "line": 76, "column": 21 }
      },
      "76": {
        "start": { "line": 77, "column": 0 },
        "end": { "line": 77, "column": 5 }
      },
      "77": {
        "start": { "line": 78, "column": 0 },
        "end": { "line": 78, "column": 22 }
      },
      "78": {
        "start": { "line": 79, "column": 0 },
        "end": { "line": 79, "column": 0 }
      },
      "79": {
        "start": { "line": 80, "column": 0 },
        "end": { "line": 80, "column": 5 }
      },
      "80": {
        "start": { "line": 81, "column": 0 },
        "end": { "line": 81, "column": 50 }
      },
      "81": {
        "start": { "line": 82, "column": 0 },
        "end": { "line": 82, "column": 24 }
      },
      "82": {
        "start": { "line": 83, "column": 0 },
        "end": { "line": 83, "column": 5 }
      },
      "83": {
        "start": { "line": 84, "column": 0 },
        "end": { "line": 84, "column": 25 }
      },
      "84": {
        "start": { "line": 85, "column": 0 },
        "end": { "line": 85, "column": 0 }
      },
      "85": {
        "start": { "line": 86, "column": 0 },
        "end": { "line": 86, "column": 5 }
      },
      "86": {
        "start": { "line": 87, "column": 0 },
        "end": { "line": 87, "column": 47 }
      },
      "87": {
        "start": { "line": 88, "column": 0 },
        "end": { "line": 88, "column": 35 }
      },
      "88": {
        "start": { "line": 89, "column": 0 },
        "end": { "line": 89, "column": 5 }
      },
      "89": {
        "start": { "line": 90, "column": 0 },
        "end": { "line": 90, "column": 36 }
      },
      "90": {
        "start": { "line": 91, "column": 0 },
        "end": { "line": 91, "column": 0 }
      },
      "91": {
        "start": { "line": 92, "column": 0 },
        "end": { "line": 92, "column": 5 }
      },
      "92": {
        "start": { "line": 93, "column": 0 },
        "end": { "line": 93, "column": 65 }
      },
      "93": {
        "start": { "line": 94, "column": 0 },
        "end": { "line": 94, "column": 38 }
      },
      "94": {
        "start": { "line": 95, "column": 0 },
        "end": { "line": 95, "column": 5 }
      },
      "95": {
        "start": { "line": 96, "column": 0 },
        "end": { "line": 96, "column": 39 }
      },
      "96": {
        "start": { "line": 97, "column": 0 },
        "end": { "line": 97, "column": 0 }
      },
      "97": {
        "start": { "line": 98, "column": 0 },
        "end": { "line": 98, "column": 5 }
      },
      "98": {
        "start": { "line": 99, "column": 0 },
        "end": { "line": 99, "column": 63 }
      },
      "99": {
        "start": { "line": 100, "column": 0 },
        "end": { "line": 100, "column": 19 }
      },
      "100": {
        "start": { "line": 101, "column": 0 },
        "end": { "line": 101, "column": 5 }
      },
      "101": {
        "start": { "line": 102, "column": 0 },
        "end": { "line": 102, "column": 30 }
      },
      "102": {
        "start": { "line": 103, "column": 0 },
        "end": { "line": 103, "column": 0 }
      },
      "103": {
        "start": { "line": 104, "column": 0 },
        "end": { "line": 104, "column": 5 }
      },
      "104": {
        "start": { "line": 105, "column": 0 },
        "end": { "line": 105, "column": 55 }
      },
      "105": {
        "start": { "line": 106, "column": 0 },
        "end": { "line": 106, "column": 5 }
      },
      "106": {
        "start": { "line": 107, "column": 0 },
        "end": { "line": 107, "column": 50 }
      },
      "107": {
        "start": { "line": 108, "column": 0 },
        "end": { "line": 108, "column": 0 }
      },
      "108": {
        "start": { "line": 109, "column": 0 },
        "end": { "line": 109, "column": 5 }
      },
      "109": {
        "start": { "line": 110, "column": 0 },
        "end": { "line": 110, "column": 59 }
      },
      "110": {
        "start": { "line": 111, "column": 0 },
        "end": { "line": 111, "column": 5 }
      },
      "111": {
        "start": { "line": 112, "column": 0 },
        "end": { "line": 112, "column": 49 }
      },
      "112": {
        "start": { "line": 113, "column": 0 },
        "end": { "line": 113, "column": 2 }
      },
      "113": {
        "start": { "line": 114, "column": 0 },
        "end": { "line": 114, "column": 0 }
      },
      "114": {
        "start": { "line": 115, "column": 0 },
        "end": { "line": 115, "column": 44 }
      },
      "115": {
        "start": { "line": 116, "column": 0 },
        "end": { "line": 116, "column": 0 }
      },
      "116": {
        "start": { "line": 117, "column": 0 },
        "end": { "line": 117, "column": 53 }
      },
      "117": {
        "start": { "line": 118, "column": 0 },
        "end": { "line": 118, "column": 7 }
      },
      "118": {
        "start": { "line": 119, "column": 0 },
        "end": { "line": 119, "column": 30 }
      },
      "119": {
        "start": { "line": 120, "column": 0 },
        "end": { "line": 120, "column": 3 }
      },
      "120": {
        "start": { "line": 121, "column": 0 },
        "end": { "line": 121, "column": 20 }
      },
      "121": {
        "start": { "line": 122, "column": 0 },
        "end": { "line": 122, "column": 0 }
      },
      "122": {
        "start": { "line": 123, "column": 0 },
        "end": { "line": 123, "column": 29 }
      },
      "123": {
        "start": { "line": 124, "column": 0 },
        "end": { "line": 124, "column": 40 }
      },
      "124": {
        "start": { "line": 125, "column": 0 },
        "end": { "line": 125, "column": 46 }
      },
      "125": {
        "start": { "line": 126, "column": 0 },
        "end": { "line": 126, "column": 56 }
      },
      "126": {
        "start": { "line": 127, "column": 0 },
        "end": { "line": 127, "column": 38 }
      },
      "127": {
        "start": { "line": 128, "column": 0 },
        "end": { "line": 128, "column": 54 }
      },
      "128": {
        "start": { "line": 129, "column": 0 },
        "end": { "line": 129, "column": 65 }
      },
      "129": {
        "start": { "line": 130, "column": 0 },
        "end": { "line": 130, "column": 48 }
      },
      "130": {
        "start": { "line": 131, "column": 0 },
        "end": { "line": 131, "column": 52 }
      },
      "131": {
        "start": { "line": 132, "column": 0 },
        "end": { "line": 132, "column": 4 }
      },
      "132": {
        "start": { "line": 133, "column": 0 },
        "end": { "line": 133, "column": 0 }
      },
      "133": {
        "start": { "line": 134, "column": 0 },
        "end": { "line": 134, "column": 42 }
      },
      "134": {
        "start": { "line": 135, "column": 0 },
        "end": { "line": 135, "column": 40 }
      },
      "135": {
        "start": { "line": 136, "column": 0 },
        "end": { "line": 136, "column": 37 }
      },
      "136": {
        "start": { "line": 137, "column": 0 },
        "end": { "line": 137, "column": 44 }
      },
      "137": {
        "start": { "line": 138, "column": 0 },
        "end": { "line": 138, "column": 38 }
      },
      "138": {
        "start": { "line": 139, "column": 0 },
        "end": { "line": 139, "column": 41 }
      },
      "139": {
        "start": { "line": 140, "column": 0 },
        "end": { "line": 140, "column": 52 }
      },
      "140": {
        "start": { "line": 141, "column": 0 },
        "end": { "line": 141, "column": 55 }
      },
      "141": {
        "start": { "line": 142, "column": 0 },
        "end": { "line": 142, "column": 46 }
      },
      "142": {
        "start": { "line": 143, "column": 0 },
        "end": { "line": 143, "column": 0 }
      },
      "143": {
        "start": { "line": 144, "column": 0 },
        "end": { "line": 144, "column": 66 }
      },
      "144": {
        "start": { "line": 145, "column": 0 },
        "end": { "line": 145, "column": 66 }
      },
      "145": {
        "start": { "line": 146, "column": 0 },
        "end": { "line": 146, "column": 70 }
      },
      "146": {
        "start": { "line": 147, "column": 0 },
        "end": { "line": 147, "column": 0 }
      },
      "147": {
        "start": { "line": 148, "column": 0 },
        "end": { "line": 148, "column": 14 }
      },
      "148": {
        "start": { "line": 149, "column": 0 },
        "end": { "line": 149, "column": 37 }
      },
      "149": {
        "start": { "line": 150, "column": 0 },
        "end": { "line": 150, "column": 71 }
      },
      "150": {
        "start": { "line": 151, "column": 0 },
        "end": { "line": 151, "column": 55 }
      },
      "151": {
        "start": { "line": 152, "column": 0 },
        "end": { "line": 152, "column": 5 }
      },
      "152": {
        "start": { "line": 153, "column": 0 },
        "end": { "line": 153, "column": 18 }
      },
      "153": {
        "start": { "line": 154, "column": 0 },
        "end": { "line": 154, "column": 49 }
      },
      "154": {
        "start": { "line": 155, "column": 0 },
        "end": { "line": 155, "column": 45 }
      },
      "155": {
        "start": { "line": 156, "column": 0 },
        "end": { "line": 156, "column": 39 }
      },
      "156": {
        "start": { "line": 157, "column": 0 },
        "end": { "line": 157, "column": 53 }
      },
      "157": {
        "start": { "line": 158, "column": 0 },
        "end": { "line": 158, "column": 52 }
      },
      "158": {
        "start": { "line": 159, "column": 0 },
        "end": { "line": 159, "column": 61 }
      },
      "159": {
        "start": { "line": 160, "column": 0 },
        "end": { "line": 160, "column": 35 }
      },
      "160": {
        "start": { "line": 161, "column": 0 },
        "end": { "line": 161, "column": 64 }
      },
      "161": {
        "start": { "line": 162, "column": 0 },
        "end": { "line": 162, "column": 38 }
      },
      "162": {
        "start": { "line": 163, "column": 0 },
        "end": { "line": 163, "column": 70 }
      },
      "163": {
        "start": { "line": 164, "column": 0 },
        "end": { "line": 164, "column": 66 }
      },
      "164": {
        "start": { "line": 165, "column": 0 },
        "end": { "line": 165, "column": 0 }
      },
      "165": {
        "start": { "line": 166, "column": 0 },
        "end": { "line": 166, "column": 25 }
      },
      "166": {
        "start": { "line": 167, "column": 0 },
        "end": { "line": 167, "column": 31 }
      },
      "167": {
        "start": { "line": 168, "column": 0 },
        "end": { "line": 168, "column": 20 }
      },
      "168": {
        "start": { "line": 169, "column": 0 },
        "end": { "line": 169, "column": 44 }
      },
      "169": {
        "start": { "line": 170, "column": 0 },
        "end": { "line": 170, "column": 48 }
      },
      "170": {
        "start": { "line": 171, "column": 0 },
        "end": { "line": 171, "column": 37 }
      },
      "171": {
        "start": { "line": 172, "column": 0 },
        "end": { "line": 172, "column": 9 }
      },
      "172": {
        "start": { "line": 173, "column": 0 },
        "end": { "line": 173, "column": 40 }
      },
      "173": {
        "start": { "line": 174, "column": 0 },
        "end": { "line": 174, "column": 58 }
      },
      "174": {
        "start": { "line": 175, "column": 0 },
        "end": { "line": 175, "column": 9 }
      },
      "175": {
        "start": { "line": 176, "column": 0 },
        "end": { "line": 176, "column": 57 }
      },
      "176": {
        "start": { "line": 177, "column": 0 },
        "end": { "line": 177, "column": 52 }
      },
      "177": {
        "start": { "line": 178, "column": 0 },
        "end": { "line": 178, "column": 3 }
      },
      "178": {
        "start": { "line": 179, "column": 0 },
        "end": { "line": 179, "column": 0 }
      },
      "179": {
        "start": { "line": 180, "column": 0 },
        "end": { "line": 180, "column": 21 }
      },
      "180": {
        "start": { "line": 181, "column": 0 },
        "end": { "line": 181, "column": 21 }
      },
      "181": {
        "start": { "line": 182, "column": 0 },
        "end": { "line": 182, "column": 35 }
      },
      "182": {
        "start": { "line": 183, "column": 0 },
        "end": { "line": 183, "column": 32 }
      },
      "183": {
        "start": { "line": 184, "column": 0 },
        "end": { "line": 184, "column": 20 }
      },
      "184": {
        "start": { "line": 185, "column": 0 },
        "end": { "line": 185, "column": 37 }
      },
      "185": {
        "start": { "line": 186, "column": 0 },
        "end": { "line": 186, "column": 52 }
      },
      "186": {
        "start": { "line": 187, "column": 0 },
        "end": { "line": 187, "column": 35 }
      },
      "187": {
        "start": { "line": 188, "column": 0 },
        "end": { "line": 188, "column": 6 }
      },
      "188": {
        "start": { "line": 189, "column": 0 },
        "end": { "line": 189, "column": 79 }
      },
      "189": {
        "start": { "line": 190, "column": 0 },
        "end": { "line": 190, "column": 14 }
      },
      "190": {
        "start": { "line": 191, "column": 0 },
        "end": { "line": 191, "column": 13 }
      },
      "191": {
        "start": { "line": 192, "column": 0 },
        "end": { "line": 192, "column": 49 }
      },
      "192": {
        "start": { "line": 193, "column": 0 },
        "end": { "line": 193, "column": 38 }
      },
      "193": {
        "start": { "line": 194, "column": 0 },
        "end": { "line": 194, "column": 8 }
      },
      "194": {
        "start": { "line": 195, "column": 0 },
        "end": { "line": 195, "column": 46 }
      },
      "195": {
        "start": { "line": 196, "column": 0 },
        "end": { "line": 196, "column": 45 }
      },
      "196": {
        "start": { "line": 197, "column": 0 },
        "end": { "line": 197, "column": 13 }
      },
      "197": {
        "start": { "line": 198, "column": 0 },
        "end": { "line": 198, "column": 0 }
      },
      "198": {
        "start": { "line": 199, "column": 0 },
        "end": { "line": 199, "column": 68 }
      },
      "199": {
        "start": { "line": 200, "column": 0 },
        "end": { "line": 200, "column": 0 }
      },
      "200": {
        "start": { "line": 201, "column": 0 },
        "end": { "line": 201, "column": 9 }
      },
      "201": {
        "start": { "line": 202, "column": 0 },
        "end": { "line": 202, "column": 18 }
      },
      "202": {
        "start": { "line": 203, "column": 0 },
        "end": { "line": 203, "column": 71 }
      },
      "203": {
        "start": { "line": 204, "column": 0 },
        "end": { "line": 204, "column": 0 }
      },
      "204": {
        "start": { "line": 205, "column": 0 },
        "end": { "line": 205, "column": 50 }
      },
      "205": {
        "start": { "line": 206, "column": 0 },
        "end": { "line": 206, "column": 66 }
      },
      "206": {
        "start": { "line": 207, "column": 0 },
        "end": { "line": 207, "column": 29 }
      },
      "207": {
        "start": { "line": 208, "column": 0 },
        "end": { "line": 208, "column": 54 }
      },
      "208": {
        "start": { "line": 209, "column": 0 },
        "end": { "line": 209, "column": 0 }
      },
      "209": {
        "start": { "line": 210, "column": 0 },
        "end": { "line": 210, "column": 20 }
      },
      "210": {
        "start": { "line": 211, "column": 0 },
        "end": { "line": 211, "column": 47 }
      },
      "211": {
        "start": { "line": 212, "column": 0 },
        "end": { "line": 212, "column": 37 }
      },
      "212": {
        "start": { "line": 213, "column": 0 },
        "end": { "line": 213, "column": 12 }
      },
      "213": {
        "start": { "line": 214, "column": 0 },
        "end": { "line": 214, "column": 0 }
      },
      "214": {
        "start": { "line": 215, "column": 0 },
        "end": { "line": 215, "column": 43 }
      },
      "215": {
        "start": { "line": 216, "column": 0 },
        "end": { "line": 216, "column": 54 }
      },
      "216": {
        "start": { "line": 217, "column": 0 },
        "end": { "line": 217, "column": 11 }
      },
      "217": {
        "start": { "line": 218, "column": 0 },
        "end": { "line": 218, "column": 0 }
      },
      "218": {
        "start": { "line": 219, "column": 0 },
        "end": { "line": 219, "column": 71 }
      },
      "219": {
        "start": { "line": 220, "column": 0 },
        "end": { "line": 220, "column": 37 }
      },
      "220": {
        "start": { "line": 221, "column": 0 },
        "end": { "line": 221, "column": 69 }
      },
      "221": {
        "start": { "line": 222, "column": 0 },
        "end": { "line": 222, "column": 38 }
      },
      "222": {
        "start": { "line": 223, "column": 0 },
        "end": { "line": 223, "column": 35 }
      },
      "223": {
        "start": { "line": 224, "column": 0 },
        "end": { "line": 224, "column": 33 }
      },
      "224": {
        "start": { "line": 225, "column": 0 },
        "end": { "line": 225, "column": 35 }
      },
      "225": {
        "start": { "line": 226, "column": 0 },
        "end": { "line": 226, "column": 16 }
      },
      "226": {
        "start": { "line": 227, "column": 0 },
        "end": { "line": 227, "column": 14 }
      },
      "227": {
        "start": { "line": 228, "column": 0 },
        "end": { "line": 228, "column": 0 }
      },
      "228": {
        "start": { "line": 229, "column": 0 },
        "end": { "line": 229, "column": 35 }
      },
      "229": {
        "start": { "line": 230, "column": 0 },
        "end": { "line": 230, "column": 50 }
      },
      "230": {
        "start": { "line": 231, "column": 0 },
        "end": { "line": 231, "column": 45 }
      },
      "231": {
        "start": { "line": 232, "column": 0 },
        "end": { "line": 232, "column": 42 }
      },
      "232": {
        "start": { "line": 233, "column": 0 },
        "end": { "line": 233, "column": 46 }
      },
      "233": {
        "start": { "line": 234, "column": 0 },
        "end": { "line": 234, "column": 54 }
      },
      "234": {
        "start": { "line": 235, "column": 0 },
        "end": { "line": 235, "column": 34 }
      },
      "235": {
        "start": { "line": 236, "column": 0 },
        "end": { "line": 236, "column": 43 }
      },
      "236": {
        "start": { "line": 237, "column": 0 },
        "end": { "line": 237, "column": 56 }
      },
      "237": {
        "start": { "line": 238, "column": 0 },
        "end": { "line": 238, "column": 45 }
      },
      "238": {
        "start": { "line": 239, "column": 0 },
        "end": { "line": 239, "column": 49 }
      },
      "239": {
        "start": { "line": 240, "column": 0 },
        "end": { "line": 240, "column": 44 }
      },
      "240": {
        "start": { "line": 241, "column": 0 },
        "end": { "line": 241, "column": 20 }
      },
      "241": {
        "start": { "line": 242, "column": 0 },
        "end": { "line": 242, "column": 51 }
      },
      "242": {
        "start": { "line": 243, "column": 0 },
        "end": { "line": 243, "column": 58 }
      },
      "243": {
        "start": { "line": 244, "column": 0 },
        "end": { "line": 244, "column": 18 }
      },
      "244": {
        "start": { "line": 245, "column": 0 },
        "end": { "line": 245, "column": 47 }
      },
      "245": {
        "start": { "line": 246, "column": 0 },
        "end": { "line": 246, "column": 47 }
      },
      "246": {
        "start": { "line": 247, "column": 0 },
        "end": { "line": 247, "column": 42 }
      },
      "247": {
        "start": { "line": 248, "column": 0 },
        "end": { "line": 248, "column": 51 }
      },
      "248": {
        "start": { "line": 249, "column": 0 },
        "end": { "line": 249, "column": 47 }
      },
      "249": {
        "start": { "line": 250, "column": 0 },
        "end": { "line": 250, "column": 56 }
      },
      "250": {
        "start": { "line": 251, "column": 0 },
        "end": { "line": 251, "column": 18 }
      },
      "251": {
        "start": { "line": 252, "column": 0 },
        "end": { "line": 252, "column": 21 }
      },
      "252": {
        "start": { "line": 253, "column": 0 },
        "end": { "line": 253, "column": 0 }
      },
      "253": {
        "start": { "line": 254, "column": 0 },
        "end": { "line": 254, "column": 35 }
      },
      "254": {
        "start": { "line": 255, "column": 0 },
        "end": { "line": 255, "column": 45 }
      },
      "255": {
        "start": { "line": 256, "column": 0 },
        "end": { "line": 256, "column": 11 }
      },
      "256": {
        "start": { "line": 257, "column": 0 },
        "end": { "line": 257, "column": 0 }
      },
      "257": {
        "start": { "line": 258, "column": 0 },
        "end": { "line": 258, "column": 60 }
      },
      "258": {
        "start": { "line": 259, "column": 0 },
        "end": { "line": 259, "column": 75 }
      },
      "259": {
        "start": { "line": 260, "column": 0 },
        "end": { "line": 260, "column": 49 }
      },
      "260": {
        "start": { "line": 261, "column": 0 },
        "end": { "line": 261, "column": 0 }
      },
      "261": {
        "start": { "line": 262, "column": 0 },
        "end": { "line": 262, "column": 51 }
      },
      "262": {
        "start": { "line": 263, "column": 0 },
        "end": { "line": 263, "column": 22 }
      },
      "263": {
        "start": { "line": 264, "column": 0 },
        "end": { "line": 264, "column": 72 }
      },
      "264": {
        "start": { "line": 265, "column": 0 },
        "end": { "line": 265, "column": 14 }
      },
      "265": {
        "start": { "line": 266, "column": 0 },
        "end": { "line": 266, "column": 13 }
      },
      "266": {
        "start": { "line": 267, "column": 0 },
        "end": { "line": 267, "column": 9 }
      },
      "267": {
        "start": { "line": 268, "column": 0 },
        "end": { "line": 268, "column": 0 }
      },
      "268": {
        "start": { "line": 269, "column": 0 },
        "end": { "line": 269, "column": 64 }
      },
      "269": {
        "start": { "line": 270, "column": 0 },
        "end": { "line": 270, "column": 31 }
      },
      "270": {
        "start": { "line": 271, "column": 0 },
        "end": { "line": 271, "column": 66 }
      },
      "271": {
        "start": { "line": 272, "column": 0 },
        "end": { "line": 272, "column": 0 }
      },
      "272": {
        "start": { "line": 273, "column": 0 },
        "end": { "line": 273, "column": 20 }
      },
      "273": {
        "start": { "line": 274, "column": 0 },
        "end": { "line": 274, "column": 38 }
      },
      "274": {
        "start": { "line": 275, "column": 0 },
        "end": { "line": 275, "column": 58 }
      },
      "275": {
        "start": { "line": 276, "column": 0 },
        "end": { "line": 276, "column": 39 }
      },
      "276": {
        "start": { "line": 277, "column": 0 },
        "end": { "line": 277, "column": 12 }
      },
      "277": {
        "start": { "line": 278, "column": 0 },
        "end": { "line": 278, "column": 0 }
      },
      "278": {
        "start": { "line": 279, "column": 0 },
        "end": { "line": 279, "column": 57 }
      },
      "279": {
        "start": { "line": 280, "column": 0 },
        "end": { "line": 280, "column": 0 }
      },
      "280": {
        "start": { "line": 281, "column": 0 },
        "end": { "line": 281, "column": 15 }
      },
      "281": {
        "start": { "line": 282, "column": 0 },
        "end": { "line": 282, "column": 68 }
      },
      "282": {
        "start": { "line": 283, "column": 0 },
        "end": { "line": 283, "column": 23 }
      },
      "283": {
        "start": { "line": 284, "column": 0 },
        "end": { "line": 284, "column": 56 }
      },
      "284": {
        "start": { "line": 285, "column": 0 },
        "end": { "line": 285, "column": 11 }
      },
      "285": {
        "start": { "line": 286, "column": 0 },
        "end": { "line": 286, "column": 0 }
      },
      "286": {
        "start": { "line": 287, "column": 0 },
        "end": { "line": 287, "column": 67 }
      },
      "287": {
        "start": { "line": 288, "column": 0 },
        "end": { "line": 288, "column": 72 }
      },
      "288": {
        "start": { "line": 289, "column": 0 },
        "end": { "line": 289, "column": 0 }
      },
      "289": {
        "start": { "line": 290, "column": 0 },
        "end": { "line": 290, "column": 14 }
      },
      "290": {
        "start": { "line": 291, "column": 0 },
        "end": { "line": 291, "column": 29 }
      },
      "291": {
        "start": { "line": 292, "column": 0 },
        "end": { "line": 292, "column": 58 }
      },
      "292": {
        "start": { "line": 293, "column": 0 },
        "end": { "line": 293, "column": 13 }
      },
      "293": {
        "start": { "line": 294, "column": 0 },
        "end": { "line": 294, "column": 62 }
      },
      "294": {
        "start": { "line": 295, "column": 0 },
        "end": { "line": 295, "column": 22 }
      },
      "295": {
        "start": { "line": 296, "column": 0 },
        "end": { "line": 296, "column": 55 }
      },
      "296": {
        "start": { "line": 297, "column": 0 },
        "end": { "line": 297, "column": 42 }
      },
      "297": {
        "start": { "line": 298, "column": 0 },
        "end": { "line": 298, "column": 14 }
      },
      "298": {
        "start": { "line": 299, "column": 0 },
        "end": { "line": 299, "column": 0 }
      },
      "299": {
        "start": { "line": 300, "column": 0 },
        "end": { "line": 300, "column": 63 }
      },
      "300": {
        "start": { "line": 301, "column": 0 },
        "end": { "line": 301, "column": 42 }
      },
      "301": {
        "start": { "line": 302, "column": 0 },
        "end": { "line": 302, "column": 68 }
      },
      "302": {
        "start": { "line": 303, "column": 0 },
        "end": { "line": 303, "column": 50 }
      },
      "303": {
        "start": { "line": 304, "column": 0 },
        "end": { "line": 304, "column": 46 }
      },
      "304": {
        "start": { "line": 305, "column": 0 },
        "end": { "line": 305, "column": 15 }
      },
      "305": {
        "start": { "line": 306, "column": 0 },
        "end": { "line": 306, "column": 0 }
      },
      "306": {
        "start": { "line": 307, "column": 0 },
        "end": { "line": 307, "column": 60 }
      },
      "307": {
        "start": { "line": 308, "column": 0 },
        "end": { "line": 308, "column": 0 }
      },
      "308": {
        "start": { "line": 309, "column": 0 },
        "end": { "line": 309, "column": 49 }
      },
      "309": {
        "start": { "line": 310, "column": 0 },
        "end": { "line": 310, "column": 63 }
      },
      "310": {
        "start": { "line": 311, "column": 0 },
        "end": { "line": 311, "column": 13 }
      },
      "311": {
        "start": { "line": 312, "column": 0 },
        "end": { "line": 312, "column": 0 }
      },
      "312": {
        "start": { "line": 313, "column": 0 },
        "end": { "line": 313, "column": 38 }
      },
      "313": {
        "start": { "line": 314, "column": 0 },
        "end": { "line": 314, "column": 35 }
      },
      "314": {
        "start": { "line": 315, "column": 0 },
        "end": { "line": 315, "column": 52 }
      },
      "315": {
        "start": { "line": 316, "column": 0 },
        "end": { "line": 316, "column": 40 }
      },
      "316": {
        "start": { "line": 317, "column": 0 },
        "end": { "line": 317, "column": 31 }
      },
      "317": {
        "start": { "line": 318, "column": 0 },
        "end": { "line": 318, "column": 15 }
      },
      "318": {
        "start": { "line": 319, "column": 0 },
        "end": { "line": 319, "column": 11 }
      },
      "319": {
        "start": { "line": 320, "column": 0 },
        "end": { "line": 320, "column": 0 }
      },
      "320": {
        "start": { "line": 321, "column": 0 },
        "end": { "line": 321, "column": 14 }
      },
      "321": {
        "start": { "line": 322, "column": 0 },
        "end": { "line": 322, "column": 31 }
      },
      "322": {
        "start": { "line": 323, "column": 0 },
        "end": { "line": 323, "column": 60 }
      },
      "323": {
        "start": { "line": 324, "column": 0 },
        "end": { "line": 324, "column": 13 }
      },
      "324": {
        "start": { "line": 325, "column": 0 },
        "end": { "line": 325, "column": 62 }
      },
      "325": {
        "start": { "line": 326, "column": 0 },
        "end": { "line": 326, "column": 35 }
      },
      "326": {
        "start": { "line": 327, "column": 0 },
        "end": { "line": 327, "column": 14 }
      },
      "327": {
        "start": { "line": 328, "column": 0 },
        "end": { "line": 328, "column": 0 }
      },
      "328": {
        "start": { "line": 329, "column": 0 },
        "end": { "line": 329, "column": 48 }
      },
      "329": {
        "start": { "line": 330, "column": 0 },
        "end": { "line": 330, "column": 35 }
      },
      "330": {
        "start": { "line": 331, "column": 0 },
        "end": { "line": 331, "column": 79 }
      },
      "331": {
        "start": { "line": 332, "column": 0 },
        "end": { "line": 332, "column": 14 }
      },
      "332": {
        "start": { "line": 333, "column": 0 },
        "end": { "line": 333, "column": 0 }
      },
      "333": {
        "start": { "line": 334, "column": 0 },
        "end": { "line": 334, "column": 30 }
      },
      "334": {
        "start": { "line": 335, "column": 0 },
        "end": { "line": 335, "column": 66 }
      },
      "335": {
        "start": { "line": 336, "column": 0 },
        "end": { "line": 336, "column": 13 }
      },
      "336": {
        "start": { "line": 337, "column": 0 },
        "end": { "line": 337, "column": 0 }
      },
      "337": {
        "start": { "line": 338, "column": 0 },
        "end": { "line": 338, "column": 65 }
      },
      "338": {
        "start": { "line": 339, "column": 0 },
        "end": { "line": 339, "column": 42 }
      },
      "339": {
        "start": { "line": 340, "column": 0 },
        "end": { "line": 340, "column": 68 }
      },
      "340": {
        "start": { "line": 341, "column": 0 },
        "end": { "line": 341, "column": 50 }
      },
      "341": {
        "start": { "line": 342, "column": 0 },
        "end": { "line": 342, "column": 46 }
      },
      "342": {
        "start": { "line": 343, "column": 0 },
        "end": { "line": 343, "column": 40 }
      },
      "343": {
        "start": { "line": 344, "column": 0 },
        "end": { "line": 344, "column": 35 }
      },
      "344": {
        "start": { "line": 345, "column": 0 },
        "end": { "line": 345, "column": 45 }
      },
      "345": {
        "start": { "line": 346, "column": 0 },
        "end": { "line": 346, "column": 16 }
      },
      "346": {
        "start": { "line": 347, "column": 0 },
        "end": { "line": 347, "column": 15 }
      },
      "347": {
        "start": { "line": 348, "column": 0 },
        "end": { "line": 348, "column": 0 }
      },
      "348": {
        "start": { "line": 349, "column": 0 },
        "end": { "line": 349, "column": 62 }
      },
      "349": {
        "start": { "line": 350, "column": 0 },
        "end": { "line": 350, "column": 0 }
      },
      "350": {
        "start": { "line": 351, "column": 0 },
        "end": { "line": 351, "column": 51 }
      },
      "351": {
        "start": { "line": 352, "column": 0 },
        "end": { "line": 352, "column": 65 }
      },
      "352": {
        "start": { "line": 353, "column": 0 },
        "end": { "line": 353, "column": 13 }
      },
      "353": {
        "start": { "line": 354, "column": 0 },
        "end": { "line": 354, "column": 0 }
      },
      "354": {
        "start": { "line": 355, "column": 0 },
        "end": { "line": 355, "column": 38 }
      },
      "355": {
        "start": { "line": 356, "column": 0 },
        "end": { "line": 356, "column": 37 }
      },
      "356": {
        "start": { "line": 357, "column": 0 },
        "end": { "line": 357, "column": 52 }
      },
      "357": {
        "start": { "line": 358, "column": 0 },
        "end": { "line": 358, "column": 33 }
      },
      "358": {
        "start": { "line": 359, "column": 0 },
        "end": { "line": 359, "column": 15 }
      },
      "359": {
        "start": { "line": 360, "column": 0 },
        "end": { "line": 360, "column": 11 }
      },
      "360": {
        "start": { "line": 361, "column": 0 },
        "end": { "line": 361, "column": 0 }
      },
      "361": {
        "start": { "line": 362, "column": 0 },
        "end": { "line": 362, "column": 48 }
      },
      "362": {
        "start": { "line": 363, "column": 0 },
        "end": { "line": 363, "column": 55 }
      },
      "363": {
        "start": { "line": 364, "column": 0 },
        "end": { "line": 364, "column": 58 }
      },
      "364": {
        "start": { "line": 365, "column": 0 },
        "end": { "line": 365, "column": 49 }
      },
      "365": {
        "start": { "line": 366, "column": 0 },
        "end": { "line": 366, "column": 0 }
      },
      "366": {
        "start": { "line": 367, "column": 0 },
        "end": { "line": 367, "column": 22 }
      },
      "367": {
        "start": { "line": 368, "column": 0 },
        "end": { "line": 368, "column": 46 }
      },
      "368": {
        "start": { "line": 369, "column": 0 },
        "end": { "line": 369, "column": 46 }
      },
      "369": {
        "start": { "line": 370, "column": 0 },
        "end": { "line": 370, "column": 11 }
      },
      "370": {
        "start": { "line": 371, "column": 0 },
        "end": { "line": 371, "column": 0 }
      },
      "371": {
        "start": { "line": 372, "column": 0 },
        "end": { "line": 372, "column": 51 }
      },
      "372": {
        "start": { "line": 373, "column": 0 },
        "end": { "line": 373, "column": 22 }
      },
      "373": {
        "start": { "line": 374, "column": 0 },
        "end": { "line": 374, "column": 72 }
      },
      "374": {
        "start": { "line": 375, "column": 0 },
        "end": { "line": 375, "column": 14 }
      },
      "375": {
        "start": { "line": 376, "column": 0 },
        "end": { "line": 376, "column": 13 }
      },
      "376": {
        "start": { "line": 377, "column": 0 },
        "end": { "line": 377, "column": 9 }
      },
      "377": {
        "start": { "line": 378, "column": 0 },
        "end": { "line": 378, "column": 7 }
      },
      "378": {
        "start": { "line": 379, "column": 0 },
        "end": { "line": 379, "column": 21 }
      },
      "379": {
        "start": { "line": 380, "column": 0 },
        "end": { "line": 380, "column": 62 }
      },
      "380": {
        "start": { "line": 381, "column": 0 },
        "end": { "line": 381, "column": 20 }
      },
      "381": {
        "start": { "line": 382, "column": 0 },
        "end": { "line": 382, "column": 7 }
      },
      "382": {
        "start": { "line": 383, "column": 0 },
        "end": { "line": 383, "column": 0 }
      },
      "383": {
        "start": { "line": 384, "column": 0 },
        "end": { "line": 384, "column": 35 }
      },
      "384": {
        "start": { "line": 385, "column": 0 },
        "end": { "line": 385, "column": 34 }
      },
      "385": {
        "start": { "line": 386, "column": 0 },
        "end": { "line": 386, "column": 24 }
      },
      "386": {
        "start": { "line": 387, "column": 0 },
        "end": { "line": 387, "column": 18 }
      },
      "387": {
        "start": { "line": 388, "column": 0 },
        "end": { "line": 388, "column": 25 }
      },
      "388": {
        "start": { "line": 389, "column": 0 },
        "end": { "line": 389, "column": 18 }
      },
      "389": {
        "start": { "line": 390, "column": 0 },
        "end": { "line": 390, "column": 15 }
      },
      "390": {
        "start": { "line": 391, "column": 0 },
        "end": { "line": 391, "column": 10 }
      },
      "391": {
        "start": { "line": 392, "column": 0 },
        "end": { "line": 392, "column": 7 }
      },
      "392": {
        "start": { "line": 393, "column": 0 },
        "end": { "line": 393, "column": 0 }
      },
      "393": {
        "start": { "line": 394, "column": 0 },
        "end": { "line": 394, "column": 32 }
      },
      "394": {
        "start": { "line": 395, "column": 0 },
        "end": { "line": 395, "column": 24 }
      },
      "395": {
        "start": { "line": 396, "column": 0 },
        "end": { "line": 396, "column": 16 }
      },
      "396": {
        "start": { "line": 397, "column": 0 },
        "end": { "line": 397, "column": 23 }
      },
      "397": {
        "start": { "line": 398, "column": 0 },
        "end": { "line": 398, "column": 16 }
      },
      "398": {
        "start": { "line": 399, "column": 0 },
        "end": { "line": 399, "column": 49 }
      },
      "399": {
        "start": { "line": 400, "column": 0 },
        "end": { "line": 400, "column": 8 }
      },
      "400": {
        "start": { "line": 401, "column": 0 },
        "end": { "line": 401, "column": 5 }
      },
      "401": {
        "start": { "line": 402, "column": 0 },
        "end": { "line": 402, "column": 0 }
      },
      "402": {
        "start": { "line": 403, "column": 0 },
        "end": { "line": 403, "column": 16 }
      },
      "403": {
        "start": { "line": 404, "column": 0 },
        "end": { "line": 404, "column": 49 }
      },
      "404": {
        "start": { "line": 405, "column": 0 },
        "end": { "line": 405, "column": 5 }
      },
      "405": {
        "start": { "line": 406, "column": 0 },
        "end": { "line": 406, "column": 0 }
      },
      "406": {
        "start": { "line": 407, "column": 0 },
        "end": { "line": 407, "column": 64 }
      },
      "407": {
        "start": { "line": 408, "column": 0 },
        "end": { "line": 408, "column": 3 }
      },
      "408": {
        "start": { "line": 409, "column": 0 },
        "end": { "line": 409, "column": 0 }
      },
      "409": {
        "start": { "line": 410, "column": 0 },
        "end": { "line": 410, "column": 58 }
      },
      "410": {
        "start": { "line": 411, "column": 0 },
        "end": { "line": 411, "column": 42 }
      },
      "411": {
        "start": { "line": 412, "column": 0 },
        "end": { "line": 412, "column": 3 }
      },
      "412": {
        "start": { "line": 413, "column": 0 },
        "end": { "line": 413, "column": 0 }
      },
      "413": {
        "start": { "line": 414, "column": 0 },
        "end": { "line": 414, "column": 33 }
      },
      "414": {
        "start": { "line": 415, "column": 0 },
        "end": { "line": 415, "column": 20 }
      },
      "415": {
        "start": { "line": 416, "column": 0 },
        "end": { "line": 416, "column": 42 }
      },
      "416": {
        "start": { "line": 417, "column": 0 },
        "end": { "line": 417, "column": 12 }
      },
      "417": {
        "start": { "line": 418, "column": 0 },
        "end": { "line": 418, "column": 36 }
      },
      "418": {
        "start": { "line": 419, "column": 0 },
        "end": { "line": 419, "column": 25 }
      },
      "419": {
        "start": { "line": 420, "column": 0 },
        "end": { "line": 420, "column": 30 }
      },
      "420": {
        "start": { "line": 421, "column": 0 },
        "end": { "line": 421, "column": 75 }
      },
      "421": {
        "start": { "line": 422, "column": 0 },
        "end": { "line": 422, "column": 6 }
      },
      "422": {
        "start": { "line": 423, "column": 0 },
        "end": { "line": 423, "column": 3 }
      },
      "423": {
        "start": { "line": 424, "column": 0 },
        "end": { "line": 424, "column": 0 }
      },
      "424": {
        "start": { "line": 425, "column": 0 },
        "end": { "line": 425, "column": 35 }
      },
      "425": {
        "start": { "line": 426, "column": 0 },
        "end": { "line": 426, "column": 20 }
      },
      "426": {
        "start": { "line": 427, "column": 0 },
        "end": { "line": 427, "column": 44 }
      },
      "427": {
        "start": { "line": 428, "column": 0 },
        "end": { "line": 428, "column": 12 }
      },
      "428": {
        "start": { "line": 429, "column": 0 },
        "end": { "line": 429, "column": 36 }
      },
      "429": {
        "start": { "line": 430, "column": 0 },
        "end": { "line": 430, "column": 25 }
      },
      "430": {
        "start": { "line": 431, "column": 0 },
        "end": { "line": 431, "column": 30 }
      },
      "431": {
        "start": { "line": 432, "column": 0 },
        "end": { "line": 432, "column": 77 }
      },
      "432": {
        "start": { "line": 433, "column": 0 },
        "end": { "line": 433, "column": 6 }
      },
      "433": {
        "start": { "line": 434, "column": 0 },
        "end": { "line": 434, "column": 3 }
      },
      "434": {
        "start": { "line": 435, "column": 0 },
        "end": { "line": 435, "column": 1 }
      }
    },
    "s": {
      "0": 1,
      "1": 1,
      "2": 1,
      "3": 1,
      "4": 1,
      "5": 1,
      "6": 1,
      "7": 1,
      "8": 1,
      "9": 1,
      "10": 1,
      "11": 1,
      "12": 1,
      "13": 1,
      "14": 1,
      "15": 1,
      "16": 1,
      "17": 1,
      "18": 1,
      "19": 1,
      "20": 1,
      "21": 1,
      "22": 1,
      "23": 1,
      "24": 1,
      "25": 1,
      "26": 1,
      "27": 1,
      "28": 1,
      "29": 1,
      "30": 1,
      "31": 1,
      "32": 1,
      "33": 1,
      "34": 1,
      "35": 1,
      "36": 1,
      "37": 1,
      "38": 1,
      "39": 1,
      "40": 1,
      "41": 1,
      "42": 1,
      "43": 1,
      "44": 1,
      "45": 1,
      "46": 1,
      "47": 1,
      "48": 1,
      "49": 1,
      "50": 1,
      "51": 1,
      "52": 1,
      "53": 1,
      "54": 1,
      "55": 1,
      "56": 1,
      "57": 1,
      "58": 1,
      "59": 1,
      "60": 1,
      "61": 1,
      "62": 1,
      "63": 1,
      "64": 1,
      "65": 1,
      "66": 1,
      "67": 1,
      "68": 1,
      "69": 1,
      "70": 1,
      "71": 1,
      "72": 1,
      "73": 1,
      "74": 1,
      "75": 1,
      "76": 1,
      "77": 1,
      "78": 1,
      "79": 1,
      "80": 1,
      "81": 1,
      "82": 1,
      "83": 1,
      "84": 1,
      "85": 1,
      "86": 1,
      "87": 1,
      "88": 1,
      "89": 1,
      "90": 1,
      "91": 1,
      "92": 1,
      "93": 1,
      "94": 1,
      "95": 1,
      "96": 1,
      "97": 1,
      "98": 1,
      "99": 1,
      "100": 1,
      "101": 1,
      "102": 1,
      "103": 1,
      "104": 1,
      "105": 1,
      "106": 1,
      "107": 1,
      "108": 1,
      "109": 1,
      "110": 1,
      "111": 1,
      "112": 1,
      "113": 1,
      "114": 1,
      "115": 1,
      "116": 1,
      "117": 1,
      "118": 1,
      "119": 1,
      "120": 1,
      "121": 1,
      "122": 1,
      "123": 1,
      "124": 1,
      "125": 1,
      "126": 1,
      "127": 1,
      "128": 1,
      "129": 1,
      "130": 1,
      "131": 1,
      "132": 1,
      "133": 1,
      "134": 1,
      "135": 1,
      "136": 1,
      "137": 1,
      "138": 1,
      "139": 1,
      "140": 1,
      "141": 1,
      "142": 1,
      "143": 1,
      "144": 1,
      "145": 1,
      "146": 1,
      "147": 1,
      "148": 25,
      "149": 25,
      "150": 25,
      "151": 25,
      "152": 25,
      "153": 25,
      "154": 25,
      "155": 25,
      "156": 25,
      "157": 25,
      "158": 25,
      "159": 25,
      "160": 25,
      "161": 25,
      "162": 25,
      "163": 25,
      "164": 25,
      "165": 25,
      "166": 25,
      "167": 20,
      "168": 1,
      "169": 0,
      "170": 0,
      "171": 0,
      "172": 1,
      "173": 1,
      "174": 1,
      "175": 25,
      "176": 25,
      "177": 25,
      "178": 1,
      "179": 1,
      "180": 24,
      "181": 24,
      "182": 24,
      "183": 24,
      "184": 24,
      "185": 24,
      "186": 24,
      "187": 24,
      "188": 24,
      "189": 24,
      "190": 24,
      "191": 24,
      "192": 24,
      "193": 24,
      "194": 24,
      "195": 24,
      "196": 24,
      "197": 24,
      "198": 24,
      "199": 24,
      "200": 24,
      "201": 24,
      "202": 24,
      "203": 24,
      "204": 24,
      "205": 24,
      "206": 10,
      "207": 10,
      "208": 10,
      "209": 10,
      "210": 10,
      "211": 10,
      "212": 10,
      "213": 10,
      "214": 10,
      "215": 1,
      "216": 1,
      "217": 8,
      "218": 8,
      "219": 7,
      "220": 7,
      "221": 7,
      "222": 1,
      "223": 1,
      "224": 1,
      "225": 1,
      "226": 7,
      "227": 7,
      "228": 7,
      "229": 7,
      "230": 5,
      "231": 5,
      "232": 5,
      "233": 5,
      "234": 5,
      "235": 5,
      "236": 5,
      "237": 5,
      "238": 5,
      "239": 5,
      "240": 5,
      "241": 5,
      "242": 5,
      "243": 5,
      "244": 2,
      "245": 1,
      "246": 1,
      "247": 1,
      "248": 1,
      "249": 1,
      "250": 1,
      "251": 1,
      "252": 10,
      "253": 10,
      "254": 5,
      "255": 5,
      "256": 2,
      "257": 2,
      "258": 2,
      "259": 2,
      "260": 2,
      "261": 2,
      "262": 2,
      "263": 2,
      "264": 2,
      "265": 2,
      "266": 2,
      "267": 13,
      "268": 24,
      "269": 13,
      "270": 13,
      "271": 13,
      "272": 13,
      "273": 13,
      "274": 12,
      "275": 13,
      "276": 13,
      "277": 13,
      "278": 13,
      "279": 13,
      "280": 13,
      "281": 13,
      "282": 13,
      "283": 1,
      "284": 1,
      "285": 11,
      "286": 11,
      "287": 11,
      "288": 11,
      "289": 11,
      "290": 11,
      "291": 6,
      "292": 13,
      "293": 6,
      "294": 6,
      "295": 6,
      "296": 6,
      "297": 6,
      "298": 6,
      "299": 6,
      "300": 6,
      "301": 6,
      "302": 6,
      "303": 6,
      "304": 6,
      "305": 5,
      "306": 5,
      "307": 5,
      "308": 6,
      "309": 1,
      "310": 1,
      "311": 3,
      "312": 3,
      "313": 3,
      "314": 3,
      "315": 3,
      "316": 3,
      "317": 3,
      "318": 3,
      "319": 8,
      "320": 8,
      "321": 8,
      "322": 5,
      "323": 13,
      "324": 5,
      "325": 5,
      "326": 5,
      "327": 5,
      "328": 5,
      "329": 5,
      "330": 4,
      "331": 5,
      "332": 5,
      "333": 5,
      "334": 1,
      "335": 1,
      "336": 4,
      "337": 4,
      "338": 4,
      "339": 4,
      "340": 4,
      "341": 4,
      "342": 4,
      "343": 4,
      "344": 4,
      "345": 4,
      "346": 4,
      "347": 4,
      "348": 4,
      "349": 4,
      "350": 5,
      "351": 1,
      "352": 1,
      "353": 2,
      "354": 2,
      "355": 2,
      "356": 2,
      "357": 2,
      "358": 2,
      "359": 2,
      "360": 5,
      "361": 5,
      "362": 5,
      "363": 5,
      "364": 5,
      "365": 5,
      "366": 13,
      "367": 3,
      "368": 3,
      "369": 3,
      "370": 2,
      "371": 2,
      "372": 2,
      "373": 2,
      "374": 2,
      "375": 2,
      "376": 2,
      "377": 24,
      "378": 24,
      "379": 24,
      "380": 4,
      "381": 4,
      "382": 20,
      "383": 24,
      "384": 19,
      "385": 19,
      "386": 19,
      "387": 19,
      "388": 19,
      "389": 19,
      "390": 19,
      "391": 19,
      "392": 1,
      "393": 1,
      "394": 1,
      "395": 1,
      "396": 1,
      "397": 1,
      "398": 1,
      "399": 1,
      "400": 1,
      "401": 0,
      "402": 0,
      "403": 0,
      "404": 0,
      "405": 0,
      "406": 0,
      "407": 24,
      "408": 1,
      "409": 1,
      "410": 9,
      "411": 9,
      "412": 1,
      "413": 1,
      "414": 6,
      "415": 6,
      "416": 6,
      "417": 6,
      "418": 6,
      "419": 6,
      "420": 6,
      "421": 6,
      "422": 6,
      "423": 1,
      "424": 1,
      "425": 5,
      "426": 5,
      "427": 5,
      "428": 5,
      "429": 5,
      "430": 5,
      "431": 5,
      "432": 5,
      "433": 5,
      "434": 25
    },
    "branchMap": {
      "0": {
        "type": "branch",
        "line": 148,
        "loc": {
          "start": { "line": 148, "column": 2 },
          "end": { "line": 178, "column": 3 }
        },
        "locations": [
          {
            "start": { "line": 148, "column": 2 },
            "end": { "line": 178, "column": 3 }
          }
        ]
      },
      "1": {
        "type": "branch",
        "line": 167,
        "loc": {
          "start": { "line": 167, "column": 14 },
          "end": { "line": 175, "column": 9 }
        },
        "locations": [
          {
            "start": { "line": 167, "column": 14 },
            "end": { "line": 175, "column": 9 }
          }
        ]
      },
      "2": {
        "type": "branch",
        "line": 168,
        "loc": {
          "start": { "line": 168, "column": 7 },
          "end": { "line": 175, "column": 9 }
        },
        "locations": [
          {
            "start": { "line": 168, "column": 7 },
            "end": { "line": 175, "column": 9 }
          }
        ]
      },
      "3": {
        "type": "branch",
        "line": 169,
        "loc": {
          "start": { "line": 169, "column": 43 },
          "end": { "line": 172, "column": 9 }
        },
        "locations": [
          {
            "start": { "line": 169, "column": 43 },
            "end": { "line": 172, "column": 9 }
          }
        ]
      },
      "4": {
        "type": "branch",
        "line": 180,
        "loc": {
          "start": { "line": 180, "column": 2 },
          "end": { "line": 408, "column": 3 }
        },
        "locations": [
          {
            "start": { "line": 180, "column": 2 },
            "end": { "line": 408, "column": 3 }
          }
        ]
      },
      "5": {
        "type": "branch",
        "line": 205,
        "loc": {
          "start": { "line": 205, "column": 48 },
          "end": { "line": 206, "column": 38 }
        },
        "locations": [
          {
            "start": { "line": 205, "column": 48 },
            "end": { "line": 206, "column": 38 }
          }
        ]
      },
      "6": {
        "type": "branch",
        "line": 206,
        "loc": {
          "start": { "line": 206, "column": 13 },
          "end": { "line": 206, "column": 65 }
        },
        "locations": [
          {
            "start": { "line": 206, "column": 13 },
            "end": { "line": 206, "column": 65 }
          }
        ]
      },
      "7": {
        "type": "branch",
        "line": 206,
        "loc": {
          "start": { "line": 206, "column": 65 },
          "end": { "line": 267, "column": 9 }
        },
        "locations": [
          {
            "start": { "line": 206, "column": 65 },
            "end": { "line": 267, "column": 9 }
          }
        ]
      },
      "8": {
        "type": "branch",
        "line": 211,
        "loc": {
          "start": { "line": 211, "column": 12 },
          "end": { "line": 211, "column": 47 }
        },
        "locations": [
          {
            "start": { "line": 211, "column": 12 },
            "end": { "line": 211, "column": 47 }
          }
        ]
      },
      "9": {
        "type": "branch",
        "line": 215,
        "loc": {
          "start": { "line": 215, "column": 42 },
          "end": { "line": 217, "column": 11 }
        },
        "locations": [
          {
            "start": { "line": 215, "column": 42 },
            "end": { "line": 217, "column": 11 }
          }
        ]
      },
      "10": {
        "type": "branch",
        "line": 217,
        "loc": {
          "start": { "line": 217, "column": 10 },
          "end": { "line": 219, "column": 71 }
        },
        "locations": [
          {
            "start": { "line": 217, "column": 10 },
            "end": { "line": 219, "column": 71 }
          }
        ]
      },
      "11": {
        "type": "branch",
        "line": 219,
        "loc": {
          "start": { "line": 219, "column": 69 },
          "end": { "line": 230, "column": 50 }
        },
        "locations": [
          {
            "start": { "line": 219, "column": 69 },
            "end": { "line": 230, "column": 50 }
          }
        ]
      },
      "12": {
        "type": "branch",
        "line": 230,
        "loc": {
          "start": { "line": 230, "column": 34 },
          "end": { "line": 244, "column": 18 }
        },
        "locations": [
          {
            "start": { "line": 230, "column": 34 },
            "end": { "line": 244, "column": 18 }
          }
        ]
      },
      "13": {
        "type": "branch",
        "line": 244,
        "loc": {
          "start": { "line": 244, "column": 17 },
          "end": { "line": 252, "column": 21 }
        },
        "locations": [
          {
            "start": { "line": 244, "column": 17 },
            "end": { "line": 252, "column": 21 }
          }
        ]
      },
      "14": {
        "type": "branch",
        "line": 245,
        "loc": {
          "start": { "line": 245, "column": 38 },
          "end": { "line": 251, "column": 18 }
        },
        "locations": [
          {
            "start": { "line": 245, "column": 38 },
            "end": { "line": 251, "column": 18 }
          }
        ]
      },
      "15": {
        "type": "branch",
        "line": 251,
        "loc": {
          "start": { "line": 251, "column": 17 },
          "end": { "line": 252, "column": 21 }
        },
        "locations": [
          {
            "start": { "line": 251, "column": 17 },
            "end": { "line": 252, "column": 21 }
          }
        ]
      },
      "16": {
        "type": "branch",
        "line": 254,
        "loc": {
          "start": { "line": 254, "column": 34 },
          "end": { "line": 256, "column": 11 }
        },
        "locations": [
          {
            "start": { "line": 254, "column": 34 },
            "end": { "line": 256, "column": 11 }
          }
        ]
      },
      "17": {
        "type": "branch",
        "line": 256,
        "loc": {
          "start": { "line": 256, "column": 10 },
          "end": { "line": 267, "column": 9 }
        },
        "locations": [
          {
            "start": { "line": 256, "column": 10 },
            "end": { "line": 267, "column": 9 }
          }
        ]
      },
      "18": {
        "type": "branch",
        "line": 267,
        "loc": {
          "start": { "line": 267, "column": 8 },
          "end": { "line": 269, "column": 63 }
        },
        "locations": [
          {
            "start": { "line": 267, "column": 8 },
            "end": { "line": 269, "column": 63 }
          }
        ]
      },
      "19": {
        "type": "branch",
        "line": 269,
        "loc": {
          "start": { "line": 269, "column": 63 },
          "end": { "line": 377, "column": 9 }
        },
        "locations": [
          {
            "start": { "line": 269, "column": 63 },
            "end": { "line": 377, "column": 9 }
          }
        ]
      },
      "20": {
        "type": "branch",
        "line": 274,
        "loc": {
          "start": { "line": 274, "column": 12 },
          "end": { "line": 275, "column": 58 }
        },
        "locations": [
          {
            "start": { "line": 274, "column": 12 },
            "end": { "line": 275, "column": 58 }
          }
        ]
      },
      "21": {
        "type": "branch",
        "line": 283,
        "loc": {
          "start": { "line": 283, "column": 10 },
          "end": { "line": 285, "column": 11 }
        },
        "locations": [
          {
            "start": { "line": 283, "column": 10 },
            "end": { "line": 285, "column": 11 }
          }
        ]
      },
      "22": {
        "type": "branch",
        "line": 285,
        "loc": {
          "start": { "line": 285, "column": 10 },
          "end": { "line": 291, "column": 29 }
        },
        "locations": [
          {
            "start": { "line": 285, "column": 10 },
            "end": { "line": 291, "column": 29 }
          }
        ]
      },
      "23": {
        "type": "branch",
        "line": 291,
        "loc": {
          "start": { "line": 291, "column": 12 },
          "end": { "line": 292, "column": 58 }
        },
        "locations": [
          {
            "start": { "line": 291, "column": 12 },
            "end": { "line": 292, "column": 58 }
          }
        ]
      },
      "24": {
        "type": "branch",
        "line": 293,
        "loc": {
          "start": { "line": 293, "column": 12 },
          "end": { "line": 319, "column": 11 }
        },
        "locations": [
          {
            "start": { "line": 293, "column": 12 },
            "end": { "line": 319, "column": 11 }
          }
        ]
      },
      "25": {
        "type": "branch",
        "line": 296,
        "loc": {
          "start": { "line": 296, "column": 14 },
          "end": { "line": 296, "column": 55 }
        },
        "locations": [
          {
            "start": { "line": 296, "column": 14 },
            "end": { "line": 296, "column": 55 }
          }
        ]
      },
      "26": {
        "type": "branch",
        "line": 305,
        "loc": {
          "start": { "line": 305, "column": 13 },
          "end": { "line": 309, "column": 29 }
        },
        "locations": [
          {
            "start": { "line": 305, "column": 13 },
            "end": { "line": 309, "column": 29 }
          }
        ]
      },
      "27": {
        "type": "branch",
        "line": 309,
        "loc": {
          "start": { "line": 309, "column": 17 },
          "end": { "line": 309, "column": 48 }
        },
        "locations": [
          {
            "start": { "line": 309, "column": 17 },
            "end": { "line": 309, "column": 48 }
          }
        ]
      },
      "28": {
        "type": "branch",
        "line": 309,
        "loc": {
          "start": { "line": 309, "column": 48 },
          "end": { "line": 311, "column": 13 }
        },
        "locations": [
          {
            "start": { "line": 309, "column": 48 },
            "end": { "line": 311, "column": 13 }
          }
        ]
      },
      "29": {
        "type": "branch",
        "line": 311,
        "loc": {
          "start": { "line": 311, "column": 12 },
          "end": { "line": 319, "column": 11 }
        },
        "locations": [
          {
            "start": { "line": 311, "column": 12 },
            "end": { "line": 319, "column": 11 }
          }
        ]
      },
      "30": {
        "type": "branch",
        "line": 319,
        "loc": {
          "start": { "line": 319, "column": 10 },
          "end": { "line": 322, "column": 31 }
        },
        "locations": [
          {
            "start": { "line": 319, "column": 10 },
            "end": { "line": 322, "column": 31 }
          }
        ]
      },
      "31": {
        "type": "branch",
        "line": 322,
        "loc": {
          "start": { "line": 322, "column": 12 },
          "end": { "line": 323, "column": 60 }
        },
        "locations": [
          {
            "start": { "line": 322, "column": 12 },
            "end": { "line": 323, "column": 60 }
          }
        ]
      },
      "32": {
        "type": "branch",
        "line": 324,
        "loc": {
          "start": { "line": 324, "column": 12 },
          "end": { "line": 367, "column": 21 }
        },
        "locations": [
          {
            "start": { "line": 324, "column": 12 },
            "end": { "line": 367, "column": 21 }
          }
        ]
      },
      "33": {
        "type": "branch",
        "line": 334,
        "loc": {
          "start": { "line": 334, "column": 29 },
          "end": { "line": 336, "column": 13 }
        },
        "locations": [
          {
            "start": { "line": 334, "column": 29 },
            "end": { "line": 336, "column": 13 }
          }
        ]
      },
      "34": {
        "type": "branch",
        "line": 336,
        "loc": {
          "start": { "line": 336, "column": 12 },
          "end": { "line": 351, "column": 29 }
        },
        "locations": [
          {
            "start": { "line": 336, "column": 12 },
            "end": { "line": 351, "column": 29 }
          }
        ]
      },
      "35": {
        "type": "branch",
        "line": 351,
        "loc": {
          "start": { "line": 351, "column": 17 },
          "end": { "line": 351, "column": 50 }
        },
        "locations": [
          {
            "start": { "line": 351, "column": 17 },
            "end": { "line": 351, "column": 50 }
          }
        ]
      },
      "36": {
        "type": "branch",
        "line": 351,
        "loc": {
          "start": { "line": 351, "column": 50 },
          "end": { "line": 353, "column": 13 }
        },
        "locations": [
          {
            "start": { "line": 351, "column": 50 },
            "end": { "line": 353, "column": 13 }
          }
        ]
      },
      "37": {
        "type": "branch",
        "line": 353,
        "loc": {
          "start": { "line": 353, "column": 12 },
          "end": { "line": 360, "column": 11 }
        },
        "locations": [
          {
            "start": { "line": 353, "column": 12 },
            "end": { "line": 360, "column": 11 }
          }
        ]
      },
      "38": {
        "type": "branch",
        "line": 367,
        "loc": {
          "start": { "line": 367, "column": 21 },
          "end": { "line": 370, "column": 11 }
        },
        "locations": [
          {
            "start": { "line": 367, "column": 21 },
            "end": { "line": 370, "column": 11 }
          }
        ]
      },
      "39": {
        "type": "branch",
        "line": 370,
        "loc": {
          "start": { "line": 370, "column": 10 },
          "end": { "line": 377, "column": 9 }
        },
        "locations": [
          {
            "start": { "line": 370, "column": 10 },
            "end": { "line": 377, "column": 9 }
          }
        ]
      },
      "40": {
        "type": "branch",
        "line": 380,
        "loc": {
          "start": { "line": 380, "column": 27 },
          "end": { "line": 380, "column": 61 }
        },
        "locations": [
          {
            "start": { "line": 380, "column": 27 },
            "end": { "line": 380, "column": 61 }
          }
        ]
      },
      "41": {
        "type": "branch",
        "line": 380,
        "loc": {
          "start": { "line": 380, "column": 61 },
          "end": { "line": 382, "column": 7 }
        },
        "locations": [
          {
            "start": { "line": 380, "column": 61 },
            "end": { "line": 382, "column": 7 }
          }
        ]
      },
      "42": {
        "type": "branch",
        "line": 382,
        "loc": {
          "start": { "line": 382, "column": 6 },
          "end": { "line": 384, "column": 34 }
        },
        "locations": [
          {
            "start": { "line": 382, "column": 6 },
            "end": { "line": 384, "column": 34 }
          }
        ]
      },
      "43": {
        "type": "branch",
        "line": 384,
        "loc": {
          "start": { "line": 384, "column": 34 },
          "end": { "line": 392, "column": 7 }
        },
        "locations": [
          {
            "start": { "line": 384, "column": 34 },
            "end": { "line": 392, "column": 7 }
          }
        ]
      },
      "44": {
        "type": "branch",
        "line": 392,
        "loc": {
          "start": { "line": 392, "column": 6 },
          "end": { "line": 401, "column": 5 }
        },
        "locations": [
          {
            "start": { "line": 392, "column": 6 },
            "end": { "line": 401, "column": 5 }
          }
        ]
      },
      "45": {
        "type": "branch",
        "line": 401,
        "loc": {
          "start": { "line": 401, "column": 4 },
          "end": { "line": 407, "column": 64 }
        },
        "locations": [
          {
            "start": { "line": 401, "column": 4 },
            "end": { "line": 407, "column": 64 }
          }
        ]
      },
      "46": {
        "type": "branch",
        "line": 222,
        "loc": {
          "start": { "line": 222, "column": 14 },
          "end": { "line": 226, "column": 16 }
        },
        "locations": [
          {
            "start": { "line": 222, "column": 14 },
            "end": { "line": 226, "column": 16 }
          }
        ]
      },
      "47": {
        "type": "branch",
        "line": 330,
        "loc": {
          "start": { "line": 330, "column": 14 },
          "end": { "line": 331, "column": 79 }
        },
        "locations": [
          {
            "start": { "line": 330, "column": 14 },
            "end": { "line": 331, "column": 79 }
          }
        ]
      },
      "48": {
        "type": "branch",
        "line": 410,
        "loc": {
          "start": { "line": 410, "column": 10 },
          "end": { "line": 412, "column": 3 }
        },
        "locations": [
          {
            "start": { "line": 410, "column": 10 },
            "end": { "line": 412, "column": 3 }
          }
        ]
      },
      "49": {
        "type": "branch",
        "line": 414,
        "loc": {
          "start": { "line": 414, "column": 10 },
          "end": { "line": 423, "column": 3 }
        },
        "locations": [
          {
            "start": { "line": 414, "column": 10 },
            "end": { "line": 423, "column": 3 }
          }
        ]
      },
      "50": {
        "type": "branch",
        "line": 425,
        "loc": {
          "start": { "line": 425, "column": 10 },
          "end": { "line": 434, "column": 3 }
        },
        "locations": [
          {
            "start": { "line": 425, "column": 10 },
            "end": { "line": 434, "column": 3 }
          }
        ]
      },
      "51": {
        "type": "branch",
        "line": 435,
        "loc": {
          "start": { "line": 435, "column": 0 },
          "end": { "line": 435, "column": 1 }
        },
        "locations": [
          {
            "start": { "line": 435, "column": 0 },
            "end": { "line": 435, "column": 1 }
          }
        ]
      }
    },
    "b": {
      "0": [25],
      "1": [20],
      "2": [1],
      "3": [0],
      "4": [24],
      "5": [23],
      "6": [10],
      "7": [10],
      "8": [9],
      "9": [1],
      "10": [8],
      "11": [7],
      "12": [5],
      "13": [2],
      "14": [1],
      "15": [1],
      "16": [5],
      "17": [2],
      "18": [13],
      "19": [13],
      "20": [12],
      "21": [1],
      "22": [11],
      "23": [6],
      "24": [6],
      "25": [5],
      "26": [5],
      "27": [3],
      "28": [1],
      "29": [3],
      "30": [8],
      "31": [5],
      "32": [5],
      "33": [1],
      "34": [4],
      "35": [2],
      "36": [1],
      "37": [2],
      "38": [3],
      "39": [2],
      "40": [4],
      "41": [4],
      "42": [20],
      "43": [19],
      "44": [1],
      "45": [0],
      "46": [1],
      "47": [4],
      "48": [9],
      "49": [6],
      "50": [5],
      "51": [25]
    },
    "fnMap": {
      "0": {
        "name": "get",
        "decl": {
          "start": { "line": 115, "column": 41 },
          "end": { "line": 115, "column": 44 }
        },
        "loc": {
          "start": { "line": 115, "column": 41 },
          "end": { "line": 115, "column": 44 }
        },
        "line": 115
      },
      "1": {
        "name": "WebAuthnStrategy",
        "decl": {
          "start": { "line": 148, "column": 2 },
          "end": { "line": 178, "column": 3 }
        },
        "loc": {
          "start": { "line": 148, "column": 2 },
          "end": { "line": 178, "column": 3 }
        },
        "line": 148
      },
      "2": {
        "name": "WebAuthnStrategy.generateUserId",
        "decl": {
          "start": { "line": 168, "column": 7 },
          "end": { "line": 175, "column": 9 }
        },
        "loc": {
          "start": { "line": 168, "column": 7 },
          "end": { "line": 175, "column": 9 }
        },
        "line": 168
      },
      "3": {
        "name": "authenticate",
        "decl": {
          "start": { "line": 180, "column": 2 },
          "end": { "line": 408, "column": 3 }
        },
        "loc": {
          "start": { "line": 180, "column": 2 },
          "end": { "line": 408, "column": 3 }
        },
        "line": 180
      },
      "4": {
        "name": "validateEmail",
        "decl": {
          "start": { "line": 410, "column": 10 },
          "end": { "line": 412, "column": 3 }
        },
        "loc": {
          "start": { "line": 410, "column": 10 },
          "end": { "line": 412, "column": 3 }
        },
        "line": 410
      },
      "5": {
        "name": "isRegistrationResponse",
        "decl": {
          "start": { "line": 414, "column": 10 },
          "end": { "line": 423, "column": 3 }
        },
        "loc": {
          "start": { "line": 414, "column": 10 },
          "end": { "line": 423, "column": 3 }
        },
        "line": 414
      },
      "6": {
        "name": "isAuthenticationResponse",
        "decl": {
          "start": { "line": 425, "column": 10 },
          "end": { "line": 434, "column": 3 }
        },
        "loc": {
          "start": { "line": 425, "column": 10 },
          "end": { "line": 434, "column": 3 }
        },
        "line": 425
      },
      "7": {
        "name": "get",
        "decl": {
          "start": { "line": 435, "column": 0 },
          "end": { "line": 435, "column": 1 }
        },
        "loc": {
          "start": { "line": 435, "column": 0 },
          "end": { "line": 435, "column": 1 }
        },
        "line": 435
      }
    },
    "f": { "0": 0, "1": 25, "2": 1, "3": 24, "4": 9, "5": 6, "6": 5, "7": 25 }
  }
}
